2025/10/30 14:03:29 - mmengine - INFO - 
------------------------------------------------------------
System environment:
    sys.platform: linux
    Python: 3.10.12 (main, Aug 15 2025, 14:32:43) [GCC 11.4.0]
    CUDA available: True
    numpy_random_seed: 1170622192
    GPU 0: NVIDIA GeForce RTX 4050 Laptop GPU
    CUDA_HOME: /usr/local/cuda
    NVCC: Cuda compilation tools, release 11.8, V11.8.89
    GCC: x86_64-linux-gnu-gcc (Ubuntu 11.4.0-1ubuntu1~22.04.2) 11.4.0
    PyTorch: 2.1.0+cu121
    PyTorch compiling details: PyTorch built with:
  - GCC 9.3
  - C++ Version: 201703
  - Intel(R) oneAPI Math Kernel Library Version 2022.2-Product Build 20220804 for Intel(R) 64 architecture applications
  - Intel(R) MKL-DNN v3.1.1 (Git Hash 64f6bcbcbab628e96f33a62c3e975f8535a7bde4)
  - OpenMP 201511 (a.k.a. OpenMP 4.5)
  - LAPACK is enabled (usually provided by MKL)
  - NNPACK is enabled
  - CPU capability usage: AVX2
  - CUDA Runtime 12.1
  - NVCC architecture flags: -gencode;arch=compute_50,code=sm_50;-gencode;arch=compute_60,code=sm_60;-gencode;arch=compute_70,code=sm_70;-gencode;arch=compute_75,code=sm_75;-gencode;arch=compute_80,code=sm_80;-gencode;arch=compute_86,code=sm_86;-gencode;arch=compute_90,code=sm_90
  - CuDNN 8.9.2
  - Magma 2.6.1
  - Build settings: BLAS_INFO=mkl, BUILD_TYPE=Release, CUDA_VERSION=12.1, CUDNN_VERSION=8.9.2, CXX_COMPILER=/opt/rh/devtoolset-9/root/usr/bin/c++, CXX_FLAGS= -D_GLIBCXX_USE_CXX11_ABI=0 -fabi-version=11 -fvisibility-inlines-hidden -DUSE_PTHREADPOOL -DNDEBUG -DUSE_KINETO -DLIBKINETO_NOROCTRACER -DUSE_FBGEMM -DUSE_QNNPACK -DUSE_PYTORCH_QNNPACK -DUSE_XNNPACK -DSYMBOLICATE_MOBILE_DEBUG_HANDLE -O2 -fPIC -Wall -Wextra -Werror=return-type -Werror=non-virtual-dtor -Werror=bool-operation -Wnarrowing -Wno-missing-field-initializers -Wno-type-limits -Wno-array-bounds -Wno-unknown-pragmas -Wno-unused-parameter -Wno-unused-function -Wno-unused-result -Wno-strict-overflow -Wno-strict-aliasing -Wno-stringop-overflow -Wno-psabi -Wno-error=pedantic -Wno-error=old-style-cast -Wno-invalid-partial-specialization -Wno-unused-private-field -Wno-aligned-allocation-unavailable -Wno-missing-braces -fdiagnostics-color=always -faligned-new -Wno-unused-but-set-variable -Wno-maybe-uninitialized -fno-math-errno -fno-trapping-math -Werror=format -Werror=cast-function-type -Wno-stringop-overflow, LAPACK_INFO=mkl, PERF_WITH_AVX=1, PERF_WITH_AVX2=1, PERF_WITH_AVX512=1, TORCH_DISABLE_GPU_ASSERTS=ON, TORCH_VERSION=2.1.0, USE_CUDA=ON, USE_CUDNN=ON, USE_EXCEPTION_PTR=1, USE_GFLAGS=OFF, USE_GLOG=OFF, USE_MKL=ON, USE_MKLDNN=ON, USE_MPI=OFF, USE_NCCL=1, USE_NNPACK=ON, USE_OPENMP=ON, USE_ROCM=OFF, 

    TorchVision: 0.16.0+cu121
    OpenCV: 4.11.0
    MMEngine: 0.9.1

Runtime environment:
    cudnn_benchmark: True
    seed: 1170622192
    Distributed launcher: none
    Distributed training: False
    GPU number: 1
------------------------------------------------------------

2025/10/30 14:03:29 - mmengine - INFO - Config:
custom_imports = dict(
    allow_failed_imports=False, imports=[
        'mmseg_custom',
    ])
data_root = '/root/projects/mmseg/datasets/cityscapes'
default_hooks = dict(
    checkpoint=dict(
        by_epoch=True,
        interval=1,
        max_keep_ckpts=1,
        save_best='mIoU',
        type='CheckpointHook'),
    logger=dict(interval=10, type='LoggerHook'),
    param_scheduler=dict(type='ParamSchedulerHook'),
    timer=dict(type='IterTimerHook'))
default_scope = 'mmseg'
deterministic = True
env_cfg = dict(cudnn_benchmark=True)
evaluation = dict(interval=1, metric='mIoU', save_best='mIoU')
log_level = 'INFO'
log_processor = dict(by_epoch=True)
model = dict(
    arch='S',
    num_classes=19,
    num_weather_classes=5,
    type='DicSegmentor',
    use_condition=True,
    use_gating=True,
    use_sparse_skip=True)
optim_wrapper = dict(
    clip_grad=None,
    optimizer=dict(
        betas=(
            0.9,
            0.999,
        ), lr=6e-05, type='AdamW', weight_decay=0.01),
    type='OptimWrapper')
optimizer = dict(
    betas=(
        0.9,
        0.999,
    ), lr=6e-05, type='AdamW', weight_decay=0.01)
param_scheduler = [
    dict(
        begin=0,
        by_epoch=True,
        end=200,
        eta_min=1e-06,
        power=0.9,
        type='PolyLR'),
]
seed = 2025
test_cfg = dict(type='TestLoop')
test_dataloader = dict(
    batch_size=1,
    dataset=dict(
        data_prefix=dict(
            img_path='leftImg8bit/val', seg_map_path='gtFine/val'),
        data_root='/root/projects/mmseg/datasets/cityscapes',
        pipeline=[
            dict(type='LoadImageFromFile'),
            dict(type='LoadAnnotations'),
            dict(keep_ratio=False, scale=(
                512,
                512,
            ), type='Resize'),
            dict(type='PackSegInputs'),
        ],
        type='CityscapesACDCSimple'),
    num_workers=0,
    sampler=dict(shuffle=False, type='DefaultSampler'))
test_evaluator = dict(
    iou_metrics=[
        'mIoU',
    ], type='IoUMetric')
train_cfg = dict(max_epochs=2, type='EpochBasedTrainLoop')
train_dataloader = dict(
    batch_size=1,
    dataset=dict(
        data_prefix=dict(
            img_path='leftImg8bit/train', seg_map_path='gtFine/train'),
        data_root='/root/projects/mmseg/datasets/cityscapes',
        pipeline=[
            dict(type='LoadImageFromFile'),
            dict(type='LoadAnnotations'),
            dict(keep_ratio=False, scale=(
                512,
                512,
            ), type='Resize'),
            dict(prob=0.5, type='RandomFlip'),
            dict(type='PackSegInputs'),
        ],
        type='CityscapesACDCSimple'),
    num_workers=0,
    sampler=dict(shuffle=True, type='DefaultSampler'))
train_pipeline = [
    dict(type='LoadImageFromFile'),
    dict(type='LoadAnnotations'),
    dict(keep_ratio=False, scale=(
        512,
        512,
    ), type='Resize'),
    dict(prob=0.5, type='RandomFlip'),
    dict(type='PackSegInputs'),
]
val_cfg = dict(type='ValLoop')
val_dataloader = dict(
    batch_size=1,
    dataset=dict(
        data_prefix=dict(
            img_path='leftImg8bit/val', seg_map_path='gtFine/val'),
        data_root='/root/projects/mmseg/datasets/cityscapes',
        pipeline=[
            dict(type='LoadImageFromFile'),
            dict(type='LoadAnnotations'),
            dict(keep_ratio=False, scale=(
                512,
                512,
            ), type='Resize'),
            dict(type='PackSegInputs'),
        ],
        type='CityscapesACDCSimple'),
    num_workers=0,
    sampler=dict(shuffle=False, type='DefaultSampler'))
val_evaluator = dict(
    iou_metrics=[
        'mIoU',
    ], type='IoUMetric')
val_pipeline = [
    dict(type='LoadImageFromFile'),
    dict(type='LoadAnnotations'),
    dict(keep_ratio=False, scale=(
        512,
        512,
    ), type='Resize'),
    dict(type='PackSegInputs'),
]
work_dir = 'work_dirs/dic_debug_final'

2025/10/30 14:03:31 - mmengine - INFO - Distributed training is not used, all SyncBatchNorm (SyncBN) layers in the model will be automatically reverted to BatchNormXd layers if they are used.
2025/10/30 14:03:31 - mmengine - INFO - Hooks will be executed in the following order:
before_run:
(VERY_HIGH   ) RuntimeInfoHook                    
(BELOW_NORMAL) LoggerHook                         
 -------------------- 
before_train:
(VERY_HIGH   ) RuntimeInfoHook                    
(NORMAL      ) IterTimerHook                      
(VERY_LOW    ) CheckpointHook                     
 -------------------- 
before_train_epoch:
(VERY_HIGH   ) RuntimeInfoHook                    
(NORMAL      ) IterTimerHook                      
(NORMAL      ) DistSamplerSeedHook                
 -------------------- 
before_train_iter:
(VERY_HIGH   ) RuntimeInfoHook                    
(NORMAL      ) IterTimerHook                      
 -------------------- 
after_train_iter:
(VERY_HIGH   ) RuntimeInfoHook                    
(NORMAL      ) IterTimerHook                      
(BELOW_NORMAL) LoggerHook                         
(LOW         ) ParamSchedulerHook                 
(VERY_LOW    ) CheckpointHook                     
 -------------------- 
after_train_epoch:
(NORMAL      ) IterTimerHook                      
(LOW         ) ParamSchedulerHook                 
(VERY_LOW    ) CheckpointHook                     
 -------------------- 
before_val:
(VERY_HIGH   ) RuntimeInfoHook                    
 -------------------- 
before_val_epoch:
(NORMAL      ) IterTimerHook                      
 -------------------- 
before_val_iter:
(NORMAL      ) IterTimerHook                      
 -------------------- 
after_val_iter:
(NORMAL      ) IterTimerHook                      
(BELOW_NORMAL) LoggerHook                         
 -------------------- 
after_val_epoch:
(VERY_HIGH   ) RuntimeInfoHook                    
(NORMAL      ) IterTimerHook                      
(BELOW_NORMAL) LoggerHook                         
(LOW         ) ParamSchedulerHook                 
(VERY_LOW    ) CheckpointHook                     
 -------------------- 
after_val:
(VERY_HIGH   ) RuntimeInfoHook                    
 -------------------- 
after_train:
(VERY_HIGH   ) RuntimeInfoHook                    
(VERY_LOW    ) CheckpointHook                     
 -------------------- 
before_test:
(VERY_HIGH   ) RuntimeInfoHook                    
 -------------------- 
before_test_epoch:
(NORMAL      ) IterTimerHook                      
 -------------------- 
before_test_iter:
(NORMAL      ) IterTimerHook                      
 -------------------- 
after_test_iter:
(NORMAL      ) IterTimerHook                      
(BELOW_NORMAL) LoggerHook                         
 -------------------- 
after_test_epoch:
(VERY_HIGH   ) RuntimeInfoHook                    
(NORMAL      ) IterTimerHook                      
(BELOW_NORMAL) LoggerHook                         
 -------------------- 
after_test:
(VERY_HIGH   ) RuntimeInfoHook                    
 -------------------- 
after_run:
(BELOW_NORMAL) LoggerHook                         
 -------------------- 
2025/10/30 14:03:31 - mmengine - WARNING - The prefix is not set in metric class IoUMetric.
Name of parameter - Initialization information

encoder.stages.0.weather_embedding.weight - torch.Size([5, 96]): 
The value is the same before and after calling `init_weights` of DicSegmentor  

encoder.stages.0.blocks.0.conv1.weight - torch.Size([96, 3, 3, 3]): 
The value is the same before and after calling `init_weights` of DicSegmentor  

encoder.stages.0.blocks.0.norm1.weight - torch.Size([96]): 
The value is the same before and after calling `init_weights` of DicSegmentor  

encoder.stages.0.blocks.0.norm1.bias - torch.Size([96]): 
The value is the same before and after calling `init_weights` of DicSegmentor  

encoder.stages.0.blocks.0.conv2.weight - torch.Size([96, 96, 3, 3]): 
The value is the same before and after calling `init_weights` of DicSegmentor  

encoder.stages.0.blocks.0.norm2.weight - torch.Size([96]): 
The value is the same before and after calling `init_weights` of DicSegmentor  

encoder.stages.0.blocks.0.norm2.bias - torch.Size([96]): 
The value is the same before and after calling `init_weights` of DicSegmentor  

encoder.stages.0.blocks.0.gate_fc.weight - torch.Size([192, 96]): 
The value is the same before and after calling `init_weights` of DicSegmentor  

encoder.stages.0.blocks.0.gate_fc.bias - torch.Size([192]): 
The value is the same before and after calling `init_weights` of DicSegmentor  

encoder.stages.0.blocks.1.conv1.weight - torch.Size([96, 96, 3, 3]): 
The value is the same before and after calling `init_weights` of DicSegmentor  

encoder.stages.0.blocks.1.norm1.weight - torch.Size([96]): 
The value is the same before and after calling `init_weights` of DicSegmentor  

encoder.stages.0.blocks.1.norm1.bias - torch.Size([96]): 
The value is the same before and after calling `init_weights` of DicSegmentor  

encoder.stages.0.blocks.1.conv2.weight - torch.Size([96, 96, 3, 3]): 
The value is the same before and after calling `init_weights` of DicSegmentor  

encoder.stages.0.blocks.1.norm2.weight - torch.Size([96]): 
The value is the same before and after calling `init_weights` of DicSegmentor  

encoder.stages.0.blocks.1.norm2.bias - torch.Size([96]): 
The value is the same before and after calling `init_weights` of DicSegmentor  

encoder.stages.0.blocks.1.gate_fc.weight - torch.Size([192, 96]): 
The value is the same before and after calling `init_weights` of DicSegmentor  

encoder.stages.0.blocks.1.gate_fc.bias - torch.Size([192]): 
The value is the same before and after calling `init_weights` of DicSegmentor  

encoder.stages.0.blocks.2.conv1.weight - torch.Size([96, 96, 3, 3]): 
The value is the same before and after calling `init_weights` of DicSegmentor  

encoder.stages.0.blocks.2.norm1.weight - torch.Size([96]): 
The value is the same before and after calling `init_weights` of DicSegmentor  

encoder.stages.0.blocks.2.norm1.bias - torch.Size([96]): 
The value is the same before and after calling `init_weights` of DicSegmentor  

encoder.stages.0.blocks.2.conv2.weight - torch.Size([96, 96, 3, 3]): 
The value is the same before and after calling `init_weights` of DicSegmentor  

encoder.stages.0.blocks.2.norm2.weight - torch.Size([96]): 
The value is the same before and after calling `init_weights` of DicSegmentor  

encoder.stages.0.blocks.2.norm2.bias - torch.Size([96]): 
The value is the same before and after calling `init_weights` of DicSegmentor  

encoder.stages.0.blocks.2.gate_fc.weight - torch.Size([192, 96]): 
The value is the same before and after calling `init_weights` of DicSegmentor  

encoder.stages.0.blocks.2.gate_fc.bias - torch.Size([192]): 
The value is the same before and after calling `init_weights` of DicSegmentor  

encoder.stages.0.blocks.3.conv1.weight - torch.Size([96, 96, 3, 3]): 
The value is the same before and after calling `init_weights` of DicSegmentor  

encoder.stages.0.blocks.3.norm1.weight - torch.Size([96]): 
The value is the same before and after calling `init_weights` of DicSegmentor  

encoder.stages.0.blocks.3.norm1.bias - torch.Size([96]): 
The value is the same before and after calling `init_weights` of DicSegmentor  

encoder.stages.0.blocks.3.conv2.weight - torch.Size([96, 96, 3, 3]): 
The value is the same before and after calling `init_weights` of DicSegmentor  

encoder.stages.0.blocks.3.norm2.weight - torch.Size([96]): 
The value is the same before and after calling `init_weights` of DicSegmentor  

encoder.stages.0.blocks.3.norm2.bias - torch.Size([96]): 
The value is the same before and after calling `init_weights` of DicSegmentor  

encoder.stages.0.blocks.3.gate_fc.weight - torch.Size([192, 96]): 
The value is the same before and after calling `init_weights` of DicSegmentor  

encoder.stages.0.blocks.3.gate_fc.bias - torch.Size([192]): 
The value is the same before and after calling `init_weights` of DicSegmentor  

encoder.stages.0.blocks.4.conv1.weight - torch.Size([96, 96, 3, 3]): 
The value is the same before and after calling `init_weights` of DicSegmentor  

encoder.stages.0.blocks.4.norm1.weight - torch.Size([96]): 
The value is the same before and after calling `init_weights` of DicSegmentor  

encoder.stages.0.blocks.4.norm1.bias - torch.Size([96]): 
The value is the same before and after calling `init_weights` of DicSegmentor  

encoder.stages.0.blocks.4.conv2.weight - torch.Size([96, 96, 3, 3]): 
The value is the same before and after calling `init_weights` of DicSegmentor  

encoder.stages.0.blocks.4.norm2.weight - torch.Size([96]): 
The value is the same before and after calling `init_weights` of DicSegmentor  

encoder.stages.0.blocks.4.norm2.bias - torch.Size([96]): 
The value is the same before and after calling `init_weights` of DicSegmentor  

encoder.stages.0.blocks.4.gate_fc.weight - torch.Size([192, 96]): 
The value is the same before and after calling `init_weights` of DicSegmentor  

encoder.stages.0.blocks.4.gate_fc.bias - torch.Size([192]): 
The value is the same before and after calling `init_weights` of DicSegmentor  

encoder.stages.0.blocks.5.conv1.weight - torch.Size([96, 96, 3, 3]): 
The value is the same before and after calling `init_weights` of DicSegmentor  

encoder.stages.0.blocks.5.norm1.weight - torch.Size([96]): 
The value is the same before and after calling `init_weights` of DicSegmentor  

encoder.stages.0.blocks.5.norm1.bias - torch.Size([96]): 
The value is the same before and after calling `init_weights` of DicSegmentor  

encoder.stages.0.blocks.5.conv2.weight - torch.Size([96, 96, 3, 3]): 
The value is the same before and after calling `init_weights` of DicSegmentor  

encoder.stages.0.blocks.5.norm2.weight - torch.Size([96]): 
The value is the same before and after calling `init_weights` of DicSegmentor  

encoder.stages.0.blocks.5.norm2.bias - torch.Size([96]): 
The value is the same before and after calling `init_weights` of DicSegmentor  

encoder.stages.0.blocks.5.gate_fc.weight - torch.Size([192, 96]): 
The value is the same before and after calling `init_weights` of DicSegmentor  

encoder.stages.0.blocks.5.gate_fc.bias - torch.Size([192]): 
The value is the same before and after calling `init_weights` of DicSegmentor  

encoder.stages.1.weather_embedding.weight - torch.Size([5, 192]): 
The value is the same before and after calling `init_weights` of DicSegmentor  

encoder.stages.1.blocks.0.conv1.weight - torch.Size([192, 96, 3, 3]): 
The value is the same before and after calling `init_weights` of DicSegmentor  

encoder.stages.1.blocks.0.norm1.weight - torch.Size([192]): 
The value is the same before and after calling `init_weights` of DicSegmentor  

encoder.stages.1.blocks.0.norm1.bias - torch.Size([192]): 
The value is the same before and after calling `init_weights` of DicSegmentor  

encoder.stages.1.blocks.0.conv2.weight - torch.Size([192, 192, 3, 3]): 
The value is the same before and after calling `init_weights` of DicSegmentor  

encoder.stages.1.blocks.0.norm2.weight - torch.Size([192]): 
The value is the same before and after calling `init_weights` of DicSegmentor  

encoder.stages.1.blocks.0.norm2.bias - torch.Size([192]): 
The value is the same before and after calling `init_weights` of DicSegmentor  

encoder.stages.1.blocks.0.gate_fc.weight - torch.Size([384, 192]): 
The value is the same before and after calling `init_weights` of DicSegmentor  

encoder.stages.1.blocks.0.gate_fc.bias - torch.Size([384]): 
The value is the same before and after calling `init_weights` of DicSegmentor  

encoder.stages.1.blocks.1.conv1.weight - torch.Size([192, 192, 3, 3]): 
The value is the same before and after calling `init_weights` of DicSegmentor  

encoder.stages.1.blocks.1.norm1.weight - torch.Size([192]): 
The value is the same before and after calling `init_weights` of DicSegmentor  

encoder.stages.1.blocks.1.norm1.bias - torch.Size([192]): 
The value is the same before and after calling `init_weights` of DicSegmentor  

encoder.stages.1.blocks.1.conv2.weight - torch.Size([192, 192, 3, 3]): 
The value is the same before and after calling `init_weights` of DicSegmentor  

encoder.stages.1.blocks.1.norm2.weight - torch.Size([192]): 
The value is the same before and after calling `init_weights` of DicSegmentor  

encoder.stages.1.blocks.1.norm2.bias - torch.Size([192]): 
The value is the same before and after calling `init_weights` of DicSegmentor  

encoder.stages.1.blocks.1.gate_fc.weight - torch.Size([384, 192]): 
The value is the same before and after calling `init_weights` of DicSegmentor  

encoder.stages.1.blocks.1.gate_fc.bias - torch.Size([384]): 
The value is the same before and after calling `init_weights` of DicSegmentor  

encoder.stages.1.blocks.2.conv1.weight - torch.Size([192, 192, 3, 3]): 
The value is the same before and after calling `init_weights` of DicSegmentor  

encoder.stages.1.blocks.2.norm1.weight - torch.Size([192]): 
The value is the same before and after calling `init_weights` of DicSegmentor  

encoder.stages.1.blocks.2.norm1.bias - torch.Size([192]): 
The value is the same before and after calling `init_weights` of DicSegmentor  

encoder.stages.1.blocks.2.conv2.weight - torch.Size([192, 192, 3, 3]): 
The value is the same before and after calling `init_weights` of DicSegmentor  

encoder.stages.1.blocks.2.norm2.weight - torch.Size([192]): 
The value is the same before and after calling `init_weights` of DicSegmentor  

encoder.stages.1.blocks.2.norm2.bias - torch.Size([192]): 
The value is the same before and after calling `init_weights` of DicSegmentor  

encoder.stages.1.blocks.2.gate_fc.weight - torch.Size([384, 192]): 
The value is the same before and after calling `init_weights` of DicSegmentor  

encoder.stages.1.blocks.2.gate_fc.bias - torch.Size([384]): 
The value is the same before and after calling `init_weights` of DicSegmentor  

encoder.stages.1.blocks.3.conv1.weight - torch.Size([192, 192, 3, 3]): 
The value is the same before and after calling `init_weights` of DicSegmentor  

encoder.stages.1.blocks.3.norm1.weight - torch.Size([192]): 
The value is the same before and after calling `init_weights` of DicSegmentor  

encoder.stages.1.blocks.3.norm1.bias - torch.Size([192]): 
The value is the same before and after calling `init_weights` of DicSegmentor  

encoder.stages.1.blocks.3.conv2.weight - torch.Size([192, 192, 3, 3]): 
The value is the same before and after calling `init_weights` of DicSegmentor  

encoder.stages.1.blocks.3.norm2.weight - torch.Size([192]): 
The value is the same before and after calling `init_weights` of DicSegmentor  

encoder.stages.1.blocks.3.norm2.bias - torch.Size([192]): 
The value is the same before and after calling `init_weights` of DicSegmentor  

encoder.stages.1.blocks.3.gate_fc.weight - torch.Size([384, 192]): 
The value is the same before and after calling `init_weights` of DicSegmentor  

encoder.stages.1.blocks.3.gate_fc.bias - torch.Size([384]): 
The value is the same before and after calling `init_weights` of DicSegmentor  

encoder.stages.1.blocks.4.conv1.weight - torch.Size([192, 192, 3, 3]): 
The value is the same before and after calling `init_weights` of DicSegmentor  

encoder.stages.1.blocks.4.norm1.weight - torch.Size([192]): 
The value is the same before and after calling `init_weights` of DicSegmentor  

encoder.stages.1.blocks.4.norm1.bias - torch.Size([192]): 
The value is the same before and after calling `init_weights` of DicSegmentor  

encoder.stages.1.blocks.4.conv2.weight - torch.Size([192, 192, 3, 3]): 
The value is the same before and after calling `init_weights` of DicSegmentor  

encoder.stages.1.blocks.4.norm2.weight - torch.Size([192]): 
The value is the same before and after calling `init_weights` of DicSegmentor  

encoder.stages.1.blocks.4.norm2.bias - torch.Size([192]): 
The value is the same before and after calling `init_weights` of DicSegmentor  

encoder.stages.1.blocks.4.gate_fc.weight - torch.Size([384, 192]): 
The value is the same before and after calling `init_weights` of DicSegmentor  

encoder.stages.1.blocks.4.gate_fc.bias - torch.Size([384]): 
The value is the same before and after calling `init_weights` of DicSegmentor  

encoder.stages.1.blocks.5.conv1.weight - torch.Size([192, 192, 3, 3]): 
The value is the same before and after calling `init_weights` of DicSegmentor  

encoder.stages.1.blocks.5.norm1.weight - torch.Size([192]): 
The value is the same before and after calling `init_weights` of DicSegmentor  

encoder.stages.1.blocks.5.norm1.bias - torch.Size([192]): 
The value is the same before and after calling `init_weights` of DicSegmentor  

encoder.stages.1.blocks.5.conv2.weight - torch.Size([192, 192, 3, 3]): 
The value is the same before and after calling `init_weights` of DicSegmentor  

encoder.stages.1.blocks.5.norm2.weight - torch.Size([192]): 
The value is the same before and after calling `init_weights` of DicSegmentor  

encoder.stages.1.blocks.5.norm2.bias - torch.Size([192]): 
The value is the same before and after calling `init_weights` of DicSegmentor  

encoder.stages.1.blocks.5.gate_fc.weight - torch.Size([384, 192]): 
The value is the same before and after calling `init_weights` of DicSegmentor  

encoder.stages.1.blocks.5.gate_fc.bias - torch.Size([384]): 
The value is the same before and after calling `init_weights` of DicSegmentor  

encoder.stages.2.weather_embedding.weight - torch.Size([5, 384]): 
The value is the same before and after calling `init_weights` of DicSegmentor  

encoder.stages.2.blocks.0.conv1.weight - torch.Size([384, 192, 3, 3]): 
The value is the same before and after calling `init_weights` of DicSegmentor  

encoder.stages.2.blocks.0.norm1.weight - torch.Size([384]): 
The value is the same before and after calling `init_weights` of DicSegmentor  

encoder.stages.2.blocks.0.norm1.bias - torch.Size([384]): 
The value is the same before and after calling `init_weights` of DicSegmentor  

encoder.stages.2.blocks.0.conv2.weight - torch.Size([384, 384, 3, 3]): 
The value is the same before and after calling `init_weights` of DicSegmentor  

encoder.stages.2.blocks.0.norm2.weight - torch.Size([384]): 
The value is the same before and after calling `init_weights` of DicSegmentor  

encoder.stages.2.blocks.0.norm2.bias - torch.Size([384]): 
The value is the same before and after calling `init_weights` of DicSegmentor  

encoder.stages.2.blocks.0.gate_fc.weight - torch.Size([768, 384]): 
The value is the same before and after calling `init_weights` of DicSegmentor  

encoder.stages.2.blocks.0.gate_fc.bias - torch.Size([768]): 
The value is the same before and after calling `init_weights` of DicSegmentor  

encoder.stages.2.blocks.1.conv1.weight - torch.Size([384, 384, 3, 3]): 
The value is the same before and after calling `init_weights` of DicSegmentor  

encoder.stages.2.blocks.1.norm1.weight - torch.Size([384]): 
The value is the same before and after calling `init_weights` of DicSegmentor  

encoder.stages.2.blocks.1.norm1.bias - torch.Size([384]): 
The value is the same before and after calling `init_weights` of DicSegmentor  

encoder.stages.2.blocks.1.conv2.weight - torch.Size([384, 384, 3, 3]): 
The value is the same before and after calling `init_weights` of DicSegmentor  

encoder.stages.2.blocks.1.norm2.weight - torch.Size([384]): 
The value is the same before and after calling `init_weights` of DicSegmentor  

encoder.stages.2.blocks.1.norm2.bias - torch.Size([384]): 
The value is the same before and after calling `init_weights` of DicSegmentor  

encoder.stages.2.blocks.1.gate_fc.weight - torch.Size([768, 384]): 
The value is the same before and after calling `init_weights` of DicSegmentor  

encoder.stages.2.blocks.1.gate_fc.bias - torch.Size([768]): 
The value is the same before and after calling `init_weights` of DicSegmentor  

encoder.stages.2.blocks.2.conv1.weight - torch.Size([384, 384, 3, 3]): 
The value is the same before and after calling `init_weights` of DicSegmentor  

encoder.stages.2.blocks.2.norm1.weight - torch.Size([384]): 
The value is the same before and after calling `init_weights` of DicSegmentor  

encoder.stages.2.blocks.2.norm1.bias - torch.Size([384]): 
The value is the same before and after calling `init_weights` of DicSegmentor  

encoder.stages.2.blocks.2.conv2.weight - torch.Size([384, 384, 3, 3]): 
The value is the same before and after calling `init_weights` of DicSegmentor  

encoder.stages.2.blocks.2.norm2.weight - torch.Size([384]): 
The value is the same before and after calling `init_weights` of DicSegmentor  

encoder.stages.2.blocks.2.norm2.bias - torch.Size([384]): 
The value is the same before and after calling `init_weights` of DicSegmentor  

encoder.stages.2.blocks.2.gate_fc.weight - torch.Size([768, 384]): 
The value is the same before and after calling `init_weights` of DicSegmentor  

encoder.stages.2.blocks.2.gate_fc.bias - torch.Size([768]): 
The value is the same before and after calling `init_weights` of DicSegmentor  

encoder.stages.2.blocks.3.conv1.weight - torch.Size([384, 384, 3, 3]): 
The value is the same before and after calling `init_weights` of DicSegmentor  

encoder.stages.2.blocks.3.norm1.weight - torch.Size([384]): 
The value is the same before and after calling `init_weights` of DicSegmentor  

encoder.stages.2.blocks.3.norm1.bias - torch.Size([384]): 
The value is the same before and after calling `init_weights` of DicSegmentor  

encoder.stages.2.blocks.3.conv2.weight - torch.Size([384, 384, 3, 3]): 
The value is the same before and after calling `init_weights` of DicSegmentor  

encoder.stages.2.blocks.3.norm2.weight - torch.Size([384]): 
The value is the same before and after calling `init_weights` of DicSegmentor  

encoder.stages.2.blocks.3.norm2.bias - torch.Size([384]): 
The value is the same before and after calling `init_weights` of DicSegmentor  

encoder.stages.2.blocks.3.gate_fc.weight - torch.Size([768, 384]): 
The value is the same before and after calling `init_weights` of DicSegmentor  

encoder.stages.2.blocks.3.gate_fc.bias - torch.Size([768]): 
The value is the same before and after calling `init_weights` of DicSegmentor  

encoder.stages.2.blocks.4.conv1.weight - torch.Size([384, 384, 3, 3]): 
The value is the same before and after calling `init_weights` of DicSegmentor  

encoder.stages.2.blocks.4.norm1.weight - torch.Size([384]): 
The value is the same before and after calling `init_weights` of DicSegmentor  

encoder.stages.2.blocks.4.norm1.bias - torch.Size([384]): 
The value is the same before and after calling `init_weights` of DicSegmentor  

encoder.stages.2.blocks.4.conv2.weight - torch.Size([384, 384, 3, 3]): 
The value is the same before and after calling `init_weights` of DicSegmentor  

encoder.stages.2.blocks.4.norm2.weight - torch.Size([384]): 
The value is the same before and after calling `init_weights` of DicSegmentor  

encoder.stages.2.blocks.4.norm2.bias - torch.Size([384]): 
The value is the same before and after calling `init_weights` of DicSegmentor  

encoder.stages.2.blocks.4.gate_fc.weight - torch.Size([768, 384]): 
The value is the same before and after calling `init_weights` of DicSegmentor  

encoder.stages.2.blocks.4.gate_fc.bias - torch.Size([768]): 
The value is the same before and after calling `init_weights` of DicSegmentor  

encoder.stages.3.weather_embedding.weight - torch.Size([5, 768]): 
The value is the same before and after calling `init_weights` of DicSegmentor  

encoder.stages.3.blocks.0.conv1.weight - torch.Size([768, 384, 3, 3]): 
The value is the same before and after calling `init_weights` of DicSegmentor  

encoder.stages.3.blocks.0.norm1.weight - torch.Size([768]): 
The value is the same before and after calling `init_weights` of DicSegmentor  

encoder.stages.3.blocks.0.norm1.bias - torch.Size([768]): 
The value is the same before and after calling `init_weights` of DicSegmentor  

encoder.stages.3.blocks.0.conv2.weight - torch.Size([768, 768, 3, 3]): 
The value is the same before and after calling `init_weights` of DicSegmentor  

encoder.stages.3.blocks.0.norm2.weight - torch.Size([768]): 
The value is the same before and after calling `init_weights` of DicSegmentor  

encoder.stages.3.blocks.0.norm2.bias - torch.Size([768]): 
The value is the same before and after calling `init_weights` of DicSegmentor  

encoder.stages.3.blocks.0.gate_fc.weight - torch.Size([1536, 768]): 
The value is the same before and after calling `init_weights` of DicSegmentor  

encoder.stages.3.blocks.0.gate_fc.bias - torch.Size([1536]): 
The value is the same before and after calling `init_weights` of DicSegmentor  

encoder.stages.3.blocks.1.conv1.weight - torch.Size([768, 768, 3, 3]): 
The value is the same before and after calling `init_weights` of DicSegmentor  

encoder.stages.3.blocks.1.norm1.weight - torch.Size([768]): 
The value is the same before and after calling `init_weights` of DicSegmentor  

encoder.stages.3.blocks.1.norm1.bias - torch.Size([768]): 
The value is the same before and after calling `init_weights` of DicSegmentor  

encoder.stages.3.blocks.1.conv2.weight - torch.Size([768, 768, 3, 3]): 
The value is the same before and after calling `init_weights` of DicSegmentor  

encoder.stages.3.blocks.1.norm2.weight - torch.Size([768]): 
The value is the same before and after calling `init_weights` of DicSegmentor  

encoder.stages.3.blocks.1.norm2.bias - torch.Size([768]): 
The value is the same before and after calling `init_weights` of DicSegmentor  

encoder.stages.3.blocks.1.gate_fc.weight - torch.Size([1536, 768]): 
The value is the same before and after calling `init_weights` of DicSegmentor  

encoder.stages.3.blocks.1.gate_fc.bias - torch.Size([1536]): 
The value is the same before and after calling `init_weights` of DicSegmentor  

encoder.stages.3.blocks.2.conv1.weight - torch.Size([768, 768, 3, 3]): 
The value is the same before and after calling `init_weights` of DicSegmentor  

encoder.stages.3.blocks.2.norm1.weight - torch.Size([768]): 
The value is the same before and after calling `init_weights` of DicSegmentor  

encoder.stages.3.blocks.2.norm1.bias - torch.Size([768]): 
The value is the same before and after calling `init_weights` of DicSegmentor  

encoder.stages.3.blocks.2.conv2.weight - torch.Size([768, 768, 3, 3]): 
The value is the same before and after calling `init_weights` of DicSegmentor  

encoder.stages.3.blocks.2.norm2.weight - torch.Size([768]): 
The value is the same before and after calling `init_weights` of DicSegmentor  

encoder.stages.3.blocks.2.norm2.bias - torch.Size([768]): 
The value is the same before and after calling `init_weights` of DicSegmentor  

encoder.stages.3.blocks.2.gate_fc.weight - torch.Size([1536, 768]): 
The value is the same before and after calling `init_weights` of DicSegmentor  

encoder.stages.3.blocks.2.gate_fc.bias - torch.Size([1536]): 
The value is the same before and after calling `init_weights` of DicSegmentor  

encoder.stages.3.blocks.3.conv1.weight - torch.Size([768, 768, 3, 3]): 
The value is the same before and after calling `init_weights` of DicSegmentor  

encoder.stages.3.blocks.3.norm1.weight - torch.Size([768]): 
The value is the same before and after calling `init_weights` of DicSegmentor  

encoder.stages.3.blocks.3.norm1.bias - torch.Size([768]): 
The value is the same before and after calling `init_weights` of DicSegmentor  

encoder.stages.3.blocks.3.conv2.weight - torch.Size([768, 768, 3, 3]): 
The value is the same before and after calling `init_weights` of DicSegmentor  

encoder.stages.3.blocks.3.norm2.weight - torch.Size([768]): 
The value is the same before and after calling `init_weights` of DicSegmentor  

encoder.stages.3.blocks.3.norm2.bias - torch.Size([768]): 
The value is the same before and after calling `init_weights` of DicSegmentor  

encoder.stages.3.blocks.3.gate_fc.weight - torch.Size([1536, 768]): 
The value is the same before and after calling `init_weights` of DicSegmentor  

encoder.stages.3.blocks.3.gate_fc.bias - torch.Size([1536]): 
The value is the same before and after calling `init_weights` of DicSegmentor  

encoder.stages.3.blocks.4.conv1.weight - torch.Size([768, 768, 3, 3]): 
The value is the same before and after calling `init_weights` of DicSegmentor  

encoder.stages.3.blocks.4.norm1.weight - torch.Size([768]): 
The value is the same before and after calling `init_weights` of DicSegmentor  

encoder.stages.3.blocks.4.norm1.bias - torch.Size([768]): 
The value is the same before and after calling `init_weights` of DicSegmentor  

encoder.stages.3.blocks.4.conv2.weight - torch.Size([768, 768, 3, 3]): 
The value is the same before and after calling `init_weights` of DicSegmentor  

encoder.stages.3.blocks.4.norm2.weight - torch.Size([768]): 
The value is the same before and after calling `init_weights` of DicSegmentor  

encoder.stages.3.blocks.4.norm2.bias - torch.Size([768]): 
The value is the same before and after calling `init_weights` of DicSegmentor  

encoder.stages.3.blocks.4.gate_fc.weight - torch.Size([1536, 768]): 
The value is the same before and after calling `init_weights` of DicSegmentor  

encoder.stages.3.blocks.4.gate_fc.bias - torch.Size([1536]): 
The value is the same before and after calling `init_weights` of DicSegmentor  

encoder.stages.3.blocks.5.conv1.weight - torch.Size([768, 768, 3, 3]): 
The value is the same before and after calling `init_weights` of DicSegmentor  

encoder.stages.3.blocks.5.norm1.weight - torch.Size([768]): 
The value is the same before and after calling `init_weights` of DicSegmentor  

encoder.stages.3.blocks.5.norm1.bias - torch.Size([768]): 
The value is the same before and after calling `init_weights` of DicSegmentor  

encoder.stages.3.blocks.5.conv2.weight - torch.Size([768, 768, 3, 3]): 
The value is the same before and after calling `init_weights` of DicSegmentor  

encoder.stages.3.blocks.5.norm2.weight - torch.Size([768]): 
The value is the same before and after calling `init_weights` of DicSegmentor  

encoder.stages.3.blocks.5.norm2.bias - torch.Size([768]): 
The value is the same before and after calling `init_weights` of DicSegmentor  

encoder.stages.3.blocks.5.gate_fc.weight - torch.Size([1536, 768]): 
The value is the same before and after calling `init_weights` of DicSegmentor  

encoder.stages.3.blocks.5.gate_fc.bias - torch.Size([1536]): 
The value is the same before and after calling `init_weights` of DicSegmentor  

encoder.stages.4.weather_embedding.weight - torch.Size([5, 768]): 
The value is the same before and after calling `init_weights` of DicSegmentor  

encoder.stages.4.blocks.0.conv1.weight - torch.Size([768, 768, 3, 3]): 
The value is the same before and after calling `init_weights` of DicSegmentor  

encoder.stages.4.blocks.0.norm1.weight - torch.Size([768]): 
The value is the same before and after calling `init_weights` of DicSegmentor  

encoder.stages.4.blocks.0.norm1.bias - torch.Size([768]): 
The value is the same before and after calling `init_weights` of DicSegmentor  

encoder.stages.4.blocks.0.conv2.weight - torch.Size([768, 768, 3, 3]): 
The value is the same before and after calling `init_weights` of DicSegmentor  

encoder.stages.4.blocks.0.norm2.weight - torch.Size([768]): 
The value is the same before and after calling `init_weights` of DicSegmentor  

encoder.stages.4.blocks.0.norm2.bias - torch.Size([768]): 
The value is the same before and after calling `init_weights` of DicSegmentor  

encoder.stages.4.blocks.0.gate_fc.weight - torch.Size([1536, 768]): 
The value is the same before and after calling `init_weights` of DicSegmentor  

encoder.stages.4.blocks.0.gate_fc.bias - torch.Size([1536]): 
The value is the same before and after calling `init_weights` of DicSegmentor  

encoder.stages.4.blocks.1.conv1.weight - torch.Size([768, 768, 3, 3]): 
The value is the same before and after calling `init_weights` of DicSegmentor  

encoder.stages.4.blocks.1.norm1.weight - torch.Size([768]): 
The value is the same before and after calling `init_weights` of DicSegmentor  

encoder.stages.4.blocks.1.norm1.bias - torch.Size([768]): 
The value is the same before and after calling `init_weights` of DicSegmentor  

encoder.stages.4.blocks.1.conv2.weight - torch.Size([768, 768, 3, 3]): 
The value is the same before and after calling `init_weights` of DicSegmentor  

encoder.stages.4.blocks.1.norm2.weight - torch.Size([768]): 
The value is the same before and after calling `init_weights` of DicSegmentor  

encoder.stages.4.blocks.1.norm2.bias - torch.Size([768]): 
The value is the same before and after calling `init_weights` of DicSegmentor  

encoder.stages.4.blocks.1.gate_fc.weight - torch.Size([1536, 768]): 
The value is the same before and after calling `init_weights` of DicSegmentor  

encoder.stages.4.blocks.1.gate_fc.bias - torch.Size([1536]): 
The value is the same before and after calling `init_weights` of DicSegmentor  

encoder.stages.4.blocks.2.conv1.weight - torch.Size([768, 768, 3, 3]): 
The value is the same before and after calling `init_weights` of DicSegmentor  

encoder.stages.4.blocks.2.norm1.weight - torch.Size([768]): 
The value is the same before and after calling `init_weights` of DicSegmentor  

encoder.stages.4.blocks.2.norm1.bias - torch.Size([768]): 
The value is the same before and after calling `init_weights` of DicSegmentor  

encoder.stages.4.blocks.2.conv2.weight - torch.Size([768, 768, 3, 3]): 
The value is the same before and after calling `init_weights` of DicSegmentor  

encoder.stages.4.blocks.2.norm2.weight - torch.Size([768]): 
The value is the same before and after calling `init_weights` of DicSegmentor  

encoder.stages.4.blocks.2.norm2.bias - torch.Size([768]): 
The value is the same before and after calling `init_weights` of DicSegmentor  

encoder.stages.4.blocks.2.gate_fc.weight - torch.Size([1536, 768]): 
The value is the same before and after calling `init_weights` of DicSegmentor  

encoder.stages.4.blocks.2.gate_fc.bias - torch.Size([1536]): 
The value is the same before and after calling `init_weights` of DicSegmentor  

encoder.stages.4.blocks.3.conv1.weight - torch.Size([768, 768, 3, 3]): 
The value is the same before and after calling `init_weights` of DicSegmentor  

encoder.stages.4.blocks.3.norm1.weight - torch.Size([768]): 
The value is the same before and after calling `init_weights` of DicSegmentor  

encoder.stages.4.blocks.3.norm1.bias - torch.Size([768]): 
The value is the same before and after calling `init_weights` of DicSegmentor  

encoder.stages.4.blocks.3.conv2.weight - torch.Size([768, 768, 3, 3]): 
The value is the same before and after calling `init_weights` of DicSegmentor  

encoder.stages.4.blocks.3.norm2.weight - torch.Size([768]): 
The value is the same before and after calling `init_weights` of DicSegmentor  

encoder.stages.4.blocks.3.norm2.bias - torch.Size([768]): 
The value is the same before and after calling `init_weights` of DicSegmentor  

encoder.stages.4.blocks.3.gate_fc.weight - torch.Size([1536, 768]): 
The value is the same before and after calling `init_weights` of DicSegmentor  

encoder.stages.4.blocks.3.gate_fc.bias - torch.Size([1536]): 
The value is the same before and after calling `init_weights` of DicSegmentor  

encoder.stages.4.blocks.4.conv1.weight - torch.Size([768, 768, 3, 3]): 
The value is the same before and after calling `init_weights` of DicSegmentor  

encoder.stages.4.blocks.4.norm1.weight - torch.Size([768]): 
The value is the same before and after calling `init_weights` of DicSegmentor  

encoder.stages.4.blocks.4.norm1.bias - torch.Size([768]): 
The value is the same before and after calling `init_weights` of DicSegmentor  

encoder.stages.4.blocks.4.conv2.weight - torch.Size([768, 768, 3, 3]): 
The value is the same before and after calling `init_weights` of DicSegmentor  

encoder.stages.4.blocks.4.norm2.weight - torch.Size([768]): 
The value is the same before and after calling `init_weights` of DicSegmentor  

encoder.stages.4.blocks.4.norm2.bias - torch.Size([768]): 
The value is the same before and after calling `init_weights` of DicSegmentor  

encoder.stages.4.blocks.4.gate_fc.weight - torch.Size([1536, 768]): 
The value is the same before and after calling `init_weights` of DicSegmentor  

encoder.stages.4.blocks.4.gate_fc.bias - torch.Size([1536]): 
The value is the same before and after calling `init_weights` of DicSegmentor  

encoder.stages.4.blocks.5.conv1.weight - torch.Size([768, 768, 3, 3]): 
The value is the same before and after calling `init_weights` of DicSegmentor  

encoder.stages.4.blocks.5.norm1.weight - torch.Size([768]): 
The value is the same before and after calling `init_weights` of DicSegmentor  

encoder.stages.4.blocks.5.norm1.bias - torch.Size([768]): 
The value is the same before and after calling `init_weights` of DicSegmentor  

encoder.stages.4.blocks.5.conv2.weight - torch.Size([768, 768, 3, 3]): 
The value is the same before and after calling `init_weights` of DicSegmentor  

encoder.stages.4.blocks.5.norm2.weight - torch.Size([768]): 
The value is the same before and after calling `init_weights` of DicSegmentor  

encoder.stages.4.blocks.5.norm2.bias - torch.Size([768]): 
The value is the same before and after calling `init_weights` of DicSegmentor  

encoder.stages.4.blocks.5.gate_fc.weight - torch.Size([1536, 768]): 
The value is the same before and after calling `init_weights` of DicSegmentor  

encoder.stages.4.blocks.5.gate_fc.bias - torch.Size([1536]): 
The value is the same before and after calling `init_weights` of DicSegmentor  

decoder.stages.0.blocks.0.conv1.weight - torch.Size([768, 768, 3, 3]): 
The value is the same before and after calling `init_weights` of DicSegmentor  

decoder.stages.0.blocks.0.norm1.weight - torch.Size([768]): 
The value is the same before and after calling `init_weights` of DicSegmentor  

decoder.stages.0.blocks.0.norm1.bias - torch.Size([768]): 
The value is the same before and after calling `init_weights` of DicSegmentor  

decoder.stages.0.blocks.0.conv2.weight - torch.Size([768, 768, 3, 3]): 
The value is the same before and after calling `init_weights` of DicSegmentor  

decoder.stages.0.blocks.0.norm2.weight - torch.Size([768]): 
The value is the same before and after calling `init_weights` of DicSegmentor  

decoder.stages.0.blocks.0.norm2.bias - torch.Size([768]): 
The value is the same before and after calling `init_weights` of DicSegmentor  

decoder.stages.0.blocks.1.conv1.weight - torch.Size([768, 768, 3, 3]): 
The value is the same before and after calling `init_weights` of DicSegmentor  

decoder.stages.0.blocks.1.norm1.weight - torch.Size([768]): 
The value is the same before and after calling `init_weights` of DicSegmentor  

decoder.stages.0.blocks.1.norm1.bias - torch.Size([768]): 
The value is the same before and after calling `init_weights` of DicSegmentor  

decoder.stages.0.blocks.1.conv2.weight - torch.Size([768, 768, 3, 3]): 
The value is the same before and after calling `init_weights` of DicSegmentor  

decoder.stages.0.blocks.1.norm2.weight - torch.Size([768]): 
The value is the same before and after calling `init_weights` of DicSegmentor  

decoder.stages.0.blocks.1.norm2.bias - torch.Size([768]): 
The value is the same before and after calling `init_weights` of DicSegmentor  

decoder.stages.0.blocks.2.conv1.weight - torch.Size([768, 768, 3, 3]): 
The value is the same before and after calling `init_weights` of DicSegmentor  

decoder.stages.0.blocks.2.norm1.weight - torch.Size([768]): 
The value is the same before and after calling `init_weights` of DicSegmentor  

decoder.stages.0.blocks.2.norm1.bias - torch.Size([768]): 
The value is the same before and after calling `init_weights` of DicSegmentor  

decoder.stages.0.blocks.2.conv2.weight - torch.Size([768, 768, 3, 3]): 
The value is the same before and after calling `init_weights` of DicSegmentor  

decoder.stages.0.blocks.2.norm2.weight - torch.Size([768]): 
The value is the same before and after calling `init_weights` of DicSegmentor  

decoder.stages.0.blocks.2.norm2.bias - torch.Size([768]): 
The value is the same before and after calling `init_weights` of DicSegmentor  

decoder.stages.0.blocks.3.conv1.weight - torch.Size([768, 768, 3, 3]): 
The value is the same before and after calling `init_weights` of DicSegmentor  

decoder.stages.0.blocks.3.norm1.weight - torch.Size([768]): 
The value is the same before and after calling `init_weights` of DicSegmentor  

decoder.stages.0.blocks.3.norm1.bias - torch.Size([768]): 
The value is the same before and after calling `init_weights` of DicSegmentor  

decoder.stages.0.blocks.3.conv2.weight - torch.Size([768, 768, 3, 3]): 
The value is the same before and after calling `init_weights` of DicSegmentor  

decoder.stages.0.blocks.3.norm2.weight - torch.Size([768]): 
The value is the same before and after calling `init_weights` of DicSegmentor  

decoder.stages.0.blocks.3.norm2.bias - torch.Size([768]): 
The value is the same before and after calling `init_weights` of DicSegmentor  

decoder.stages.0.blocks.4.conv1.weight - torch.Size([768, 768, 3, 3]): 
The value is the same before and after calling `init_weights` of DicSegmentor  

decoder.stages.0.blocks.4.norm1.weight - torch.Size([768]): 
The value is the same before and after calling `init_weights` of DicSegmentor  

decoder.stages.0.blocks.4.norm1.bias - torch.Size([768]): 
The value is the same before and after calling `init_weights` of DicSegmentor  

decoder.stages.0.blocks.4.conv2.weight - torch.Size([768, 768, 3, 3]): 
The value is the same before and after calling `init_weights` of DicSegmentor  

decoder.stages.0.blocks.4.norm2.weight - torch.Size([768]): 
The value is the same before and after calling `init_weights` of DicSegmentor  

decoder.stages.0.blocks.4.norm2.bias - torch.Size([768]): 
The value is the same before and after calling `init_weights` of DicSegmentor  

decoder.stages.0.blocks.5.conv1.weight - torch.Size([768, 768, 3, 3]): 
The value is the same before and after calling `init_weights` of DicSegmentor  

decoder.stages.0.blocks.5.norm1.weight - torch.Size([768]): 
The value is the same before and after calling `init_weights` of DicSegmentor  

decoder.stages.0.blocks.5.norm1.bias - torch.Size([768]): 
The value is the same before and after calling `init_weights` of DicSegmentor  

decoder.stages.0.blocks.5.conv2.weight - torch.Size([768, 768, 3, 3]): 
The value is the same before and after calling `init_weights` of DicSegmentor  

decoder.stages.0.blocks.5.norm2.weight - torch.Size([768]): 
The value is the same before and after calling `init_weights` of DicSegmentor  

decoder.stages.0.blocks.5.norm2.bias - torch.Size([768]): 
The value is the same before and after calling `init_weights` of DicSegmentor  

decoder.stages.1.upsample.weight - torch.Size([768, 768, 2, 2]): 
The value is the same before and after calling `init_weights` of DicSegmentor  

decoder.stages.1.blocks.0.conv1.weight - torch.Size([768, 1536, 3, 3]): 
The value is the same before and after calling `init_weights` of DicSegmentor  

decoder.stages.1.blocks.0.norm1.weight - torch.Size([768]): 
The value is the same before and after calling `init_weights` of DicSegmentor  

decoder.stages.1.blocks.0.norm1.bias - torch.Size([768]): 
The value is the same before and after calling `init_weights` of DicSegmentor  

decoder.stages.1.blocks.0.conv2.weight - torch.Size([768, 768, 3, 3]): 
The value is the same before and after calling `init_weights` of DicSegmentor  

decoder.stages.1.blocks.0.norm2.weight - torch.Size([768]): 
The value is the same before and after calling `init_weights` of DicSegmentor  

decoder.stages.1.blocks.0.norm2.bias - torch.Size([768]): 
The value is the same before and after calling `init_weights` of DicSegmentor  

decoder.stages.1.blocks.1.conv1.weight - torch.Size([768, 768, 3, 3]): 
The value is the same before and after calling `init_weights` of DicSegmentor  

decoder.stages.1.blocks.1.norm1.weight - torch.Size([768]): 
The value is the same before and after calling `init_weights` of DicSegmentor  

decoder.stages.1.blocks.1.norm1.bias - torch.Size([768]): 
The value is the same before and after calling `init_weights` of DicSegmentor  

decoder.stages.1.blocks.1.conv2.weight - torch.Size([768, 768, 3, 3]): 
The value is the same before and after calling `init_weights` of DicSegmentor  

decoder.stages.1.blocks.1.norm2.weight - torch.Size([768]): 
The value is the same before and after calling `init_weights` of DicSegmentor  

decoder.stages.1.blocks.1.norm2.bias - torch.Size([768]): 
The value is the same before and after calling `init_weights` of DicSegmentor  

decoder.stages.1.blocks.2.conv1.weight - torch.Size([768, 768, 3, 3]): 
The value is the same before and after calling `init_weights` of DicSegmentor  

decoder.stages.1.blocks.2.norm1.weight - torch.Size([768]): 
The value is the same before and after calling `init_weights` of DicSegmentor  

decoder.stages.1.blocks.2.norm1.bias - torch.Size([768]): 
The value is the same before and after calling `init_weights` of DicSegmentor  

decoder.stages.1.blocks.2.conv2.weight - torch.Size([768, 768, 3, 3]): 
The value is the same before and after calling `init_weights` of DicSegmentor  

decoder.stages.1.blocks.2.norm2.weight - torch.Size([768]): 
The value is the same before and after calling `init_weights` of DicSegmentor  

decoder.stages.1.blocks.2.norm2.bias - torch.Size([768]): 
The value is the same before and after calling `init_weights` of DicSegmentor  

decoder.stages.1.blocks.3.conv1.weight - torch.Size([768, 768, 3, 3]): 
The value is the same before and after calling `init_weights` of DicSegmentor  

decoder.stages.1.blocks.3.norm1.weight - torch.Size([768]): 
The value is the same before and after calling `init_weights` of DicSegmentor  

decoder.stages.1.blocks.3.norm1.bias - torch.Size([768]): 
The value is the same before and after calling `init_weights` of DicSegmentor  

decoder.stages.1.blocks.3.conv2.weight - torch.Size([768, 768, 3, 3]): 
The value is the same before and after calling `init_weights` of DicSegmentor  

decoder.stages.1.blocks.3.norm2.weight - torch.Size([768]): 
The value is the same before and after calling `init_weights` of DicSegmentor  

decoder.stages.1.blocks.3.norm2.bias - torch.Size([768]): 
The value is the same before and after calling `init_weights` of DicSegmentor  

decoder.stages.1.blocks.4.conv1.weight - torch.Size([768, 768, 3, 3]): 
The value is the same before and after calling `init_weights` of DicSegmentor  

decoder.stages.1.blocks.4.norm1.weight - torch.Size([768]): 
The value is the same before and after calling `init_weights` of DicSegmentor  

decoder.stages.1.blocks.4.norm1.bias - torch.Size([768]): 
The value is the same before and after calling `init_weights` of DicSegmentor  

decoder.stages.1.blocks.4.conv2.weight - torch.Size([768, 768, 3, 3]): 
The value is the same before and after calling `init_weights` of DicSegmentor  

decoder.stages.1.blocks.4.norm2.weight - torch.Size([768]): 
The value is the same before and after calling `init_weights` of DicSegmentor  

decoder.stages.1.blocks.4.norm2.bias - torch.Size([768]): 
The value is the same before and after calling `init_weights` of DicSegmentor  

decoder.stages.1.blocks.5.conv1.weight - torch.Size([768, 768, 3, 3]): 
The value is the same before and after calling `init_weights` of DicSegmentor  

decoder.stages.1.blocks.5.norm1.weight - torch.Size([768]): 
The value is the same before and after calling `init_weights` of DicSegmentor  

decoder.stages.1.blocks.5.norm1.bias - torch.Size([768]): 
The value is the same before and after calling `init_weights` of DicSegmentor  

decoder.stages.1.blocks.5.conv2.weight - torch.Size([768, 768, 3, 3]): 
The value is the same before and after calling `init_weights` of DicSegmentor  

decoder.stages.1.blocks.5.norm2.weight - torch.Size([768]): 
The value is the same before and after calling `init_weights` of DicSegmentor  

decoder.stages.1.blocks.5.norm2.bias - torch.Size([768]): 
The value is the same before and after calling `init_weights` of DicSegmentor  

decoder.stages.2.upsample.weight - torch.Size([768, 768, 2, 2]): 
The value is the same before and after calling `init_weights` of DicSegmentor  

decoder.stages.2.blocks.0.conv1.weight - torch.Size([384, 1152, 3, 3]): 
The value is the same before and after calling `init_weights` of DicSegmentor  

decoder.stages.2.blocks.0.norm1.weight - torch.Size([384]): 
The value is the same before and after calling `init_weights` of DicSegmentor  

decoder.stages.2.blocks.0.norm1.bias - torch.Size([384]): 
The value is the same before and after calling `init_weights` of DicSegmentor  

decoder.stages.2.blocks.0.conv2.weight - torch.Size([384, 384, 3, 3]): 
The value is the same before and after calling `init_weights` of DicSegmentor  

decoder.stages.2.blocks.0.norm2.weight - torch.Size([384]): 
The value is the same before and after calling `init_weights` of DicSegmentor  

decoder.stages.2.blocks.0.norm2.bias - torch.Size([384]): 
The value is the same before and after calling `init_weights` of DicSegmentor  

decoder.stages.2.blocks.1.conv1.weight - torch.Size([384, 384, 3, 3]): 
The value is the same before and after calling `init_weights` of DicSegmentor  

decoder.stages.2.blocks.1.norm1.weight - torch.Size([384]): 
The value is the same before and after calling `init_weights` of DicSegmentor  

decoder.stages.2.blocks.1.norm1.bias - torch.Size([384]): 
The value is the same before and after calling `init_weights` of DicSegmentor  

decoder.stages.2.blocks.1.conv2.weight - torch.Size([384, 384, 3, 3]): 
The value is the same before and after calling `init_weights` of DicSegmentor  

decoder.stages.2.blocks.1.norm2.weight - torch.Size([384]): 
The value is the same before and after calling `init_weights` of DicSegmentor  

decoder.stages.2.blocks.1.norm2.bias - torch.Size([384]): 
The value is the same before and after calling `init_weights` of DicSegmentor  

decoder.stages.2.blocks.2.conv1.weight - torch.Size([384, 384, 3, 3]): 
The value is the same before and after calling `init_weights` of DicSegmentor  

decoder.stages.2.blocks.2.norm1.weight - torch.Size([384]): 
The value is the same before and after calling `init_weights` of DicSegmentor  

decoder.stages.2.blocks.2.norm1.bias - torch.Size([384]): 
The value is the same before and after calling `init_weights` of DicSegmentor  

decoder.stages.2.blocks.2.conv2.weight - torch.Size([384, 384, 3, 3]): 
The value is the same before and after calling `init_weights` of DicSegmentor  

decoder.stages.2.blocks.2.norm2.weight - torch.Size([384]): 
The value is the same before and after calling `init_weights` of DicSegmentor  

decoder.stages.2.blocks.2.norm2.bias - torch.Size([384]): 
The value is the same before and after calling `init_weights` of DicSegmentor  

decoder.stages.2.blocks.3.conv1.weight - torch.Size([384, 384, 3, 3]): 
The value is the same before and after calling `init_weights` of DicSegmentor  

decoder.stages.2.blocks.3.norm1.weight - torch.Size([384]): 
The value is the same before and after calling `init_weights` of DicSegmentor  

decoder.stages.2.blocks.3.norm1.bias - torch.Size([384]): 
The value is the same before and after calling `init_weights` of DicSegmentor  

decoder.stages.2.blocks.3.conv2.weight - torch.Size([384, 384, 3, 3]): 
The value is the same before and after calling `init_weights` of DicSegmentor  

decoder.stages.2.blocks.3.norm2.weight - torch.Size([384]): 
The value is the same before and after calling `init_weights` of DicSegmentor  

decoder.stages.2.blocks.3.norm2.bias - torch.Size([384]): 
The value is the same before and after calling `init_weights` of DicSegmentor  

decoder.stages.2.blocks.4.conv1.weight - torch.Size([384, 384, 3, 3]): 
The value is the same before and after calling `init_weights` of DicSegmentor  

decoder.stages.2.blocks.4.norm1.weight - torch.Size([384]): 
The value is the same before and after calling `init_weights` of DicSegmentor  

decoder.stages.2.blocks.4.norm1.bias - torch.Size([384]): 
The value is the same before and after calling `init_weights` of DicSegmentor  

decoder.stages.2.blocks.4.conv2.weight - torch.Size([384, 384, 3, 3]): 
The value is the same before and after calling `init_weights` of DicSegmentor  

decoder.stages.2.blocks.4.norm2.weight - torch.Size([384]): 
The value is the same before and after calling `init_weights` of DicSegmentor  

decoder.stages.2.blocks.4.norm2.bias - torch.Size([384]): 
The value is the same before and after calling `init_weights` of DicSegmentor  

decoder.stages.3.upsample.weight - torch.Size([384, 384, 2, 2]): 
The value is the same before and after calling `init_weights` of DicSegmentor  

decoder.stages.3.blocks.0.conv1.weight - torch.Size([192, 576, 3, 3]): 
The value is the same before and after calling `init_weights` of DicSegmentor  

decoder.stages.3.blocks.0.norm1.weight - torch.Size([192]): 
The value is the same before and after calling `init_weights` of DicSegmentor  

decoder.stages.3.blocks.0.norm1.bias - torch.Size([192]): 
The value is the same before and after calling `init_weights` of DicSegmentor  

decoder.stages.3.blocks.0.conv2.weight - torch.Size([192, 192, 3, 3]): 
The value is the same before and after calling `init_weights` of DicSegmentor  

decoder.stages.3.blocks.0.norm2.weight - torch.Size([192]): 
The value is the same before and after calling `init_weights` of DicSegmentor  

decoder.stages.3.blocks.0.norm2.bias - torch.Size([192]): 
The value is the same before and after calling `init_weights` of DicSegmentor  

decoder.stages.3.blocks.1.conv1.weight - torch.Size([192, 192, 3, 3]): 
The value is the same before and after calling `init_weights` of DicSegmentor  

decoder.stages.3.blocks.1.norm1.weight - torch.Size([192]): 
The value is the same before and after calling `init_weights` of DicSegmentor  

decoder.stages.3.blocks.1.norm1.bias - torch.Size([192]): 
The value is the same before and after calling `init_weights` of DicSegmentor  

decoder.stages.3.blocks.1.conv2.weight - torch.Size([192, 192, 3, 3]): 
The value is the same before and after calling `init_weights` of DicSegmentor  

decoder.stages.3.blocks.1.norm2.weight - torch.Size([192]): 
The value is the same before and after calling `init_weights` of DicSegmentor  

decoder.stages.3.blocks.1.norm2.bias - torch.Size([192]): 
The value is the same before and after calling `init_weights` of DicSegmentor  

decoder.stages.3.blocks.2.conv1.weight - torch.Size([192, 192, 3, 3]): 
The value is the same before and after calling `init_weights` of DicSegmentor  

decoder.stages.3.blocks.2.norm1.weight - torch.Size([192]): 
The value is the same before and after calling `init_weights` of DicSegmentor  

decoder.stages.3.blocks.2.norm1.bias - torch.Size([192]): 
The value is the same before and after calling `init_weights` of DicSegmentor  

decoder.stages.3.blocks.2.conv2.weight - torch.Size([192, 192, 3, 3]): 
The value is the same before and after calling `init_weights` of DicSegmentor  

decoder.stages.3.blocks.2.norm2.weight - torch.Size([192]): 
The value is the same before and after calling `init_weights` of DicSegmentor  

decoder.stages.3.blocks.2.norm2.bias - torch.Size([192]): 
The value is the same before and after calling `init_weights` of DicSegmentor  

decoder.stages.3.blocks.3.conv1.weight - torch.Size([192, 192, 3, 3]): 
The value is the same before and after calling `init_weights` of DicSegmentor  

decoder.stages.3.blocks.3.norm1.weight - torch.Size([192]): 
The value is the same before and after calling `init_weights` of DicSegmentor  

decoder.stages.3.blocks.3.norm1.bias - torch.Size([192]): 
The value is the same before and after calling `init_weights` of DicSegmentor  

decoder.stages.3.blocks.3.conv2.weight - torch.Size([192, 192, 3, 3]): 
The value is the same before and after calling `init_weights` of DicSegmentor  

decoder.stages.3.blocks.3.norm2.weight - torch.Size([192]): 
The value is the same before and after calling `init_weights` of DicSegmentor  

decoder.stages.3.blocks.3.norm2.bias - torch.Size([192]): 
The value is the same before and after calling `init_weights` of DicSegmentor  

decoder.stages.3.blocks.4.conv1.weight - torch.Size([192, 192, 3, 3]): 
The value is the same before and after calling `init_weights` of DicSegmentor  

decoder.stages.3.blocks.4.norm1.weight - torch.Size([192]): 
The value is the same before and after calling `init_weights` of DicSegmentor  

decoder.stages.3.blocks.4.norm1.bias - torch.Size([192]): 
The value is the same before and after calling `init_weights` of DicSegmentor  

decoder.stages.3.blocks.4.conv2.weight - torch.Size([192, 192, 3, 3]): 
The value is the same before and after calling `init_weights` of DicSegmentor  

decoder.stages.3.blocks.4.norm2.weight - torch.Size([192]): 
The value is the same before and after calling `init_weights` of DicSegmentor  

decoder.stages.3.blocks.4.norm2.bias - torch.Size([192]): 
The value is the same before and after calling `init_weights` of DicSegmentor  

decoder.stages.3.blocks.5.conv1.weight - torch.Size([192, 192, 3, 3]): 
The value is the same before and after calling `init_weights` of DicSegmentor  

decoder.stages.3.blocks.5.norm1.weight - torch.Size([192]): 
The value is the same before and after calling `init_weights` of DicSegmentor  

decoder.stages.3.blocks.5.norm1.bias - torch.Size([192]): 
The value is the same before and after calling `init_weights` of DicSegmentor  

decoder.stages.3.blocks.5.conv2.weight - torch.Size([192, 192, 3, 3]): 
The value is the same before and after calling `init_weights` of DicSegmentor  

decoder.stages.3.blocks.5.norm2.weight - torch.Size([192]): 
The value is the same before and after calling `init_weights` of DicSegmentor  

decoder.stages.3.blocks.5.norm2.bias - torch.Size([192]): 
The value is the same before and after calling `init_weights` of DicSegmentor  

decoder.stages.4.upsample.weight - torch.Size([192, 192, 2, 2]): 
The value is the same before and after calling `init_weights` of DicSegmentor  

decoder.stages.4.blocks.0.conv1.weight - torch.Size([96, 288, 3, 3]): 
The value is the same before and after calling `init_weights` of DicSegmentor  

decoder.stages.4.blocks.0.norm1.weight - torch.Size([96]): 
The value is the same before and after calling `init_weights` of DicSegmentor  

decoder.stages.4.blocks.0.norm1.bias - torch.Size([96]): 
The value is the same before and after calling `init_weights` of DicSegmentor  

decoder.stages.4.blocks.0.conv2.weight - torch.Size([96, 96, 3, 3]): 
The value is the same before and after calling `init_weights` of DicSegmentor  

decoder.stages.4.blocks.0.norm2.weight - torch.Size([96]): 
The value is the same before and after calling `init_weights` of DicSegmentor  

decoder.stages.4.blocks.0.norm2.bias - torch.Size([96]): 
The value is the same before and after calling `init_weights` of DicSegmentor  

decoder.stages.4.blocks.1.conv1.weight - torch.Size([96, 96, 3, 3]): 
The value is the same before and after calling `init_weights` of DicSegmentor  

decoder.stages.4.blocks.1.norm1.weight - torch.Size([96]): 
The value is the same before and after calling `init_weights` of DicSegmentor  

decoder.stages.4.blocks.1.norm1.bias - torch.Size([96]): 
The value is the same before and after calling `init_weights` of DicSegmentor  

decoder.stages.4.blocks.1.conv2.weight - torch.Size([96, 96, 3, 3]): 
The value is the same before and after calling `init_weights` of DicSegmentor  

decoder.stages.4.blocks.1.norm2.weight - torch.Size([96]): 
The value is the same before and after calling `init_weights` of DicSegmentor  

decoder.stages.4.blocks.1.norm2.bias - torch.Size([96]): 
The value is the same before and after calling `init_weights` of DicSegmentor  

decoder.stages.4.blocks.2.conv1.weight - torch.Size([96, 96, 3, 3]): 
The value is the same before and after calling `init_weights` of DicSegmentor  

decoder.stages.4.blocks.2.norm1.weight - torch.Size([96]): 
The value is the same before and after calling `init_weights` of DicSegmentor  

decoder.stages.4.blocks.2.norm1.bias - torch.Size([96]): 
The value is the same before and after calling `init_weights` of DicSegmentor  

decoder.stages.4.blocks.2.conv2.weight - torch.Size([96, 96, 3, 3]): 
The value is the same before and after calling `init_weights` of DicSegmentor  

decoder.stages.4.blocks.2.norm2.weight - torch.Size([96]): 
The value is the same before and after calling `init_weights` of DicSegmentor  

decoder.stages.4.blocks.2.norm2.bias - torch.Size([96]): 
The value is the same before and after calling `init_weights` of DicSegmentor  

decoder.stages.4.blocks.3.conv1.weight - torch.Size([96, 96, 3, 3]): 
The value is the same before and after calling `init_weights` of DicSegmentor  

decoder.stages.4.blocks.3.norm1.weight - torch.Size([96]): 
The value is the same before and after calling `init_weights` of DicSegmentor  

decoder.stages.4.blocks.3.norm1.bias - torch.Size([96]): 
The value is the same before and after calling `init_weights` of DicSegmentor  

decoder.stages.4.blocks.3.conv2.weight - torch.Size([96, 96, 3, 3]): 
The value is the same before and after calling `init_weights` of DicSegmentor  

decoder.stages.4.blocks.3.norm2.weight - torch.Size([96]): 
The value is the same before and after calling `init_weights` of DicSegmentor  

decoder.stages.4.blocks.3.norm2.bias - torch.Size([96]): 
The value is the same before and after calling `init_weights` of DicSegmentor  

decoder.stages.4.blocks.4.conv1.weight - torch.Size([96, 96, 3, 3]): 
The value is the same before and after calling `init_weights` of DicSegmentor  

decoder.stages.4.blocks.4.norm1.weight - torch.Size([96]): 
The value is the same before and after calling `init_weights` of DicSegmentor  

decoder.stages.4.blocks.4.norm1.bias - torch.Size([96]): 
The value is the same before and after calling `init_weights` of DicSegmentor  

decoder.stages.4.blocks.4.conv2.weight - torch.Size([96, 96, 3, 3]): 
The value is the same before and after calling `init_weights` of DicSegmentor  

decoder.stages.4.blocks.4.norm2.weight - torch.Size([96]): 
The value is the same before and after calling `init_weights` of DicSegmentor  

decoder.stages.4.blocks.4.norm2.bias - torch.Size([96]): 
The value is the same before and after calling `init_weights` of DicSegmentor  

decoder.stages.4.blocks.5.conv1.weight - torch.Size([96, 96, 3, 3]): 
The value is the same before and after calling `init_weights` of DicSegmentor  

decoder.stages.4.blocks.5.norm1.weight - torch.Size([96]): 
The value is the same before and after calling `init_weights` of DicSegmentor  

decoder.stages.4.blocks.5.norm1.bias - torch.Size([96]): 
The value is the same before and after calling `init_weights` of DicSegmentor  

decoder.stages.4.blocks.5.conv2.weight - torch.Size([96, 96, 3, 3]): 
The value is the same before and after calling `init_weights` of DicSegmentor  

decoder.stages.4.blocks.5.norm2.weight - torch.Size([96]): 
The value is the same before and after calling `init_weights` of DicSegmentor  

decoder.stages.4.blocks.5.norm2.bias - torch.Size([96]): 
The value is the same before and after calling `init_weights` of DicSegmentor  

decode_head.0.weight - torch.Size([19, 96, 1, 1]): 
The value is the same before and after calling `init_weights` of DicSegmentor  

decode_head.0.bias - torch.Size([19]): 
The value is the same before and after calling `init_weights` of DicSegmentor  
2025/10/30 14:03:31 - mmengine - WARNING - "FileClient" will be deprecated in future. Please use io functions in https://mmengine.readthedocs.io/en/latest/api/fileio.html#file-io
2025/10/30 14:03:31 - mmengine - WARNING - "HardDiskBackend" is the alias of "LocalBackend" and the former will be deprecated in future.
2025/10/30 14:03:31 - mmengine - INFO - Checkpoints will be saved to /root/projects/seg/work_dirs/dic_debug_final.
